Running: C:\Xilinx\14.7\ISE_DS\ISE\bin\nt64\unwrapped\fuse.exe -intstyle ise -incremental -lib secureip -o C:/Users/chanukya/Desktop/Xilinx/SATSolver/TestBenchfor64Bit_isim_beh.exe -prj C:/Users/chanukya/Desktop/Xilinx/SATSolver/TestBenchfor64Bit_beh.prj work.TestBenchfor64Bit 
ISim P.20131013 (signature 0x7708f090)
Number of CPUs detected in this system: 4
Turning on mult-threading, number of parallel sub-compilation jobs: 8 
Determining compilation order of HDL files
Parsing VHDL file "C:/Users/chanukya/Desktop/Xilinx/SATSolver/Pirates_top.vhd" into library work
Parsing VHDL file "C:/Users/chanukya/Desktop/Xilinx/SATSolver/Pirates_testbench1.vhd" into library work
Starting static elaboration
WARNING:HDLCompiler:960 - "C:/Users/chanukya/Desktop/Xilinx/SATSolver/Pirates_top.vhd" Line 177: Expression has incompatible type
Completed static elaboration
Compiling package standard
Compiling package std_logic_1164
Compiling package numeric_std
Compiling package std_logic_arith
Compiling package std_logic_unsigned
Compiling architecture behavioral of entity Input [\Input(64)\]
Compiling architecture behavior of entity testbenchfor64bit
Time Resolution for simulation is 1ps.
Waiting for 1 sub-compilation(s) to finish...
Compiled 8 VHDL Units
Built simulation executable C:/Users/chanukya/Desktop/Xilinx/SATSolver/TestBenchfor64Bit_isim_beh.exe
Fuse Memory Usage: 61576 KB
Fuse CPU Usage: 3874 ms
